<?xml version="1.0" encoding="UTF-8"?>
<testng-results ignored="0" total="1" passed="1" failed="0" skipped="0">
  <reporter-output>
  </reporter-output>
  <suite started-at="2022-08-30T01:04:55 IST" name="Default suite" finished-at="2022-08-30T01:05:33 IST" duration-ms="37619">
    <groups>
    </groups>
    <test started-at="2022-08-30T01:04:55 IST" name="Default test" finished-at="2022-08-30T01:05:33 IST" duration-ms="37619">
      <class name="test.OrgHRMLoginPageTest">
        <test-method is-config="true" signature="launchBrowser()[pri:0, instance:test.OrgHRMLoginPageTest@6c64cb25]" started-at="2022-08-30T01:04:55 IST" name="launchBrowser" finished-at="2022-08-30T01:05:26 IST" duration-ms="31233" status="PASS">
          <reporter-output>
          </reporter-output>
        </test-method> <!-- launchBrowser -->
        <test-method signature="orgHRMTest()[pri:0, instance:test.OrgHRMLoginPageTest@6c64cb25]" started-at="2022-08-30T01:05:26 IST" name="orgHRMTest" finished-at="2022-08-30T01:05:33 IST" duration-ms="6288" status="PASS">
          <reporter-output>
          </reporter-output>
        </test-method> <!-- orgHRMTest -->
      </class> <!-- test.OrgHRMLoginPageTest -->
    </test> <!-- Default test -->
  </suite> <!-- Default suite -->
</testng-results>
